     1 00000000                                 ; hello-os
     2 00000000                                 ; TAB=4
     3 00000000                                 
     4                                          		ORG		0x7c00			;指明程序装载的地址
     5 00007C00                                 
     6 00007C00                                 ; 以下这段是标准FAT12格式软盘专用代码
     7 00007C00                                 
     8 00007C00 EB 4E                           		JMP		entry
     9 00007C02 90                              		DB		0x90
    10 00007C03 48 45 4C 4C 4F 49 50 4C         		DB		"HELLOIPL"		; 启动区的名称可以是任意8字节字符串
    11 00007C0B 0200                            		DW		512				;每个扇区的大小必须为512字节
    12 00007C0D 01                              		DB		1				;簇的大小必须是一个扇区
    13 00007C0E 0001                            		DW		1				;FAT的起始位置从第一个扇区开始
    14 00007C10 02                              		DB		2				;FAT的个数必须为2
    15 00007C11 00E0                            		DW		224				;根目录大小设为224项
    16 00007C13 0B40                            		DW		2880			;磁盘大小必须为2880扇区
    17 00007C15 F0                              		DB		0xf0			;磁盘种类
    18 00007C16 0009                            		DW		9				;FAT的长度为9个扇区
    19 00007C18 0012                            		DW		18				;一个磁道必须有18个扇区
    20 00007C1A 0002                            		DW		2				;磁头数必须为2
    21 00007C1C 00000000                        		DD		0				;不使用分区，必须是0
    22 00007C20 00000B40                        		DD		2880			;重写一次磁盘大小
    23 00007C24 00 00 29                        		DB		0,0,0x29		;意义不明，固定
    24 00007C27 FFFFFFFF                        		DD		0xffffffff		;可能是卷标号码
    25 00007C2B 48 45 4C 4C 4F 2D 4F 53 20 20   		DB		"HELLO-OS   "	;磁盘名称，11字节
       00007C35 20 
    26 00007C36 46 41 54 31 32 20 20 20         		DB		"FAT12   "		;磁盘格式名称，8字节
    27 00007C3E 00 00 00 00 00 00 00 00 00 00   		RESB	18				;空出18字节
       00007C48 00 00 00 00 00 00 00 00 
    28 00007C50                                 
    29 00007C50                                 ;程序核心
    30 00007C50                                 entry:
    31 00007C50 B8 0000                         		MOV		AX,0			
    32 00007C53 8E D0                           		MOV		SS,AX
    33 00007C55 BC 7C00                         		MOV		SP,0x7c00
    34 00007C58 8E D8                           		MOV		DS,AX
    35 00007C5A 8E C0                           		MOV		ES,AX
    36 00007C5C                                 
    37 00007C5C BE 7C8F                         		MOV		SI,msg		
    38 00007C5F                                 
    39 00007C5F                                 ; 本次添加的部分
    40 00007C5F                                 
    41 00007C5F B8 0820                         		MOV		AX,0x0820
    42 00007C62 8E C0                           		MOV		ES,AX
    43 00007C64 B5 00                           		MOV		CH,0			; 柱面0
    44 00007C66 B6 00                           		MOV		DH,0			; 磁头0
    45 00007C68 B1 02                           		MOV		CL,2			; 扇区2
    46 00007C6A                                 
    47 00007C6A B4 02                           		MOV		AH,0x02			; AH=0x02 : 读盘
    48 00007C6C B0 01                           		MOV		AL,1			; 1个扇区
    49 00007C6E BB 0000                         		MOV		BX,0
    50 00007C71 B2 00                           		MOV		DL,0x00			; A驱动器
    51 00007C73 CD 13                           		INT		0x13			; 调用磁盘BIOS
    52 00007C75 72 03                           		JC		error
    53 00007C77                                 
    54 00007C77                                 fin:
    55 00007C77 F4                              		HLT						;让CPU停止，等待指令
    56 00007C78 EB FD                           		JMP		fin				;无限循环
    57 00007C7A                                 
    58 00007C7A                                 error:
    59 00007C7A BE 7C8F                         		MOV SI,msg
    60 00007C7D                                 putloop:
    61 00007C7D 8A 04                           		MOV		AL,[SI]
    62 00007C7F 83 C6 01                        		ADD		SI,1			; 给SI加1
    63 00007C82 3C 00                           		CMP		AL,0
    64 00007C84 74 F1                           		JE		fin
    65 00007C86 B4 0E                           		MOV		AH,0x0e			;显示一个文字
    66 00007C88 BB 0010                         		MOV		BX,16			;指定字符颜色
    67 00007C8B CD 10                           		INT		0x10			;调用显卡BIOS
    68 00007C8D EB EE                           		JMP		putloop
    69 00007C8F                                 msg:
    70 00007C8F 0A 0A                           		DB		0x0a, 0x0a		;两个换行
    71 00007C91 68 65 6C 6C 6F 2C 20 52 6F 6C   		DB		"hello, Roliy"
       00007C9B 69 79 
    72 00007C9D 0A                              		DB		0x0a			
    73 00007C9E 00                              		DB		0
    74 00007C9F                                 
    75 00007C9F 00 00 00 00 00 00 00 00 00 00   		RESB	0x7dfe-$			;填写0x00，直到0x7dfe
       00007CA9 00 00 00 00 00 00 00 00 00 00 
       00007CB3 00 00 00 00 00 00 00 00 00 00 
       00007CBD 00 00 00 00 00 00 00 00 00 00 
       00007CC7 00 00 00 00 00 00 00 00 00 00 
       00007CD1 00 00 00 00 00 00 00 00 00 00 
       00007CDB 00 00 00 00 00 00 00 00 00 00 
       00007CE5 00 00 00 00 00 00 00 00 00 00 
       00007CEF 00 00 00 00 00 00 00 00 00 00 
       00007CF9 00 00 00 00 00 00 00 00 00 00 
       00007D03 00 00 00 00 00 00 00 00 00 00 
       00007D0D 00 00 00 00 00 00 00 00 00 00 
       00007D17 00 00 00 00 00 00 00 00 00 00 
       00007D21 00 00 00 00 00 00 00 00 00 00 
       00007D2B 00 00 00 00 00 00 00 00 00 00 
       00007D35 00 00 00 00 00 00 00 00 00 00 
       00007D3F 00 00 00 00 00 00 00 00 00 00 
       00007D49 00 00 00 00 00 00 00 00 00 00 
       00007D53 00 00 00 00 00 00 00 00 00 00 
       00007D5D 00 00 00 00 00 00 00 00 00 00 
       00007D67 00 00 00 00 00 00 00 00 00 00 
       00007D71 00 00 00 00 00 00 00 00 00 00 
       00007D7B 00 00 00 00 00 00 00 00 00 00 
       00007D85 00 00 00 00 00 00 00 00 00 00 
       00007D8F 00 00 00 00 00 00 00 00 00 00 
       00007D99 00 00 00 00 00 00 00 00 00 00 
       00007DA3 00 00 00 00 00 00 00 00 00 00 
       00007DAD 00 00 00 00 00 00 00 00 00 00 
       00007DB7 00 00 00 00 00 00 00 00 00 00 
       00007DC1 00 00 00 00 00 00 00 00 00 00 
       00007DCB 00 00 00 00 00 00 00 00 00 00 
       00007DD5 00 00 00 00 00 00 00 00 00 00 
       00007DDF 00 00 00 00 00 00 00 00 00 00 
       00007DE9 00 00 00 00 00 00 00 00 00 00 
       00007DF3 00 00 00 00 00 00 00 00 00 00 
       00007DFD 00 
    76 00007DFE                                 
    77 00007DFE 55 AA                           		DB		0x55, 0xaa
